<?xml version="1.0" encoding="UTF-8" ?>
<testsuite tests="4" failures="0" name="testpackage.DatabaseTest" time="1.363" errors="0" skipped="0">
  <properties>
[...]
</properties>
  <testcase classname="testpackage.DatabaseTest" name="test1AddUsers" time="0.226"/>
  <testcase classname="testpackage.DatabaseTest" name="test2DuplicateUsers" time="0.081"/>
  <testcase classname="testpackage.DatabaseTest" name="test3UpdateUsers" time="0.111"/>
  <testcase classname="testpackage.DatabaseTest" name="test4DeleteUsers" time="0.081"/>
</testsuite>