<?xml version="1.0" encoding="UTF-8" ?>
<testsuite tests="4" failures="0" name="testpackage.DatabaseTest" time="120.519" errors="4" skipped="0">
  <properties>
[...]
</properties>
  <testcase classname="testpackage.DatabaseTest" name="test1AddUsers" time="30.03">
    <error message="Timed out after 30000 ms while waiting for a server that matches ReadPreferenceServerSelector{readPreference=primary}. Client view of cluster state is {type=UNKNOWN, servers=[{address=ds147497.mlab.com:47497, type=UNKNOWN, state=CONNECTING, exception={com.mongodb.MongoSocketOpenException: Exception opening socket}, caused by {java.net.ConnectException: Connection refused: connect}}]" type="com.mongodb.MongoTimeoutException">com.mongodb.MongoTimeoutException: Timed out after 30000 ms while waiting for a server that matches ReadPreferenceServerSelector{readPreference=primary}. Client view of cluster state is {type=UNKNOWN, servers=[{address=ds147497.mlab.com:47497, type=UNKNOWN, state=CONNECTING, exception={com.mongodb.MongoSocketOpenException: Exception opening socket}, caused by {java.net.ConnectException: Connection refused: connect}}]
	at com.mongodb.connection.BaseCluster.createTimeoutException(BaseCluster.java:369)
	at com.mongodb.connection.BaseCluster.selectServer(BaseCluster.java:101)
	at com.mongodb.binding.ClusterBinding$ClusterBindingConnectionSource.&lt;init&gt;(ClusterBinding.java:75)
	at com.mongodb.binding.ClusterBinding$ClusterBindingConnectionSource.&lt;init&gt;(ClusterBinding.java:71)
	at com.mongodb.binding.ClusterBinding.getReadConnectionSource(ClusterBinding.java:63)
	at com.mongodb.operation.OperationHelper.withConnection(OperationHelper.java:210)
	at com.mongodb.operation.FindOperation.execute(FindOperation.java:482)
	at com.mongodb.operation.FindOperation.execute(FindOperation.java:79)
	at com.mongodb.Mongo.execute(Mongo.java:772)
	at com.mongodb.Mongo$2.execute(Mongo.java:759)
	at com.mongodb.FindIterableImpl$FindOperationIterable.first(FindIterableImpl.java:207)
	at com.mongodb.FindIterableImpl.first(FindIterableImpl.java:148)
	at Entities.Data.addUser(Data.java:26)
	at testpackage.DatabaseTest.test1AddUsers(DatabaseTest.java:30)
	at sun.reflect.NativeMethodAccessorImpl.invoke0(Native Method)
	at sun.reflect.NativeMethodAccessorImpl.invoke(NativeMethodAccessorImpl.java:62)
	at sun.reflect.DelegatingMethodAccessorImpl.invoke(DelegatingMethodAccessorImpl.java:43)
	at java.lang.reflect.Method.invoke(Method.java:498)
	at org.junit.runners.model.FrameworkMethod$1.runReflectiveCall(FrameworkMethod.java:47)
	at org.junit.internal.runners.model.ReflectiveCallable.run(ReflectiveCallable.java:12)
	at org.junit.runners.model.FrameworkMethod.invokeExplosively(FrameworkMethod.java:44)
	at org.junit.internal.runners.statements.InvokeMethod.evaluate(InvokeMethod.java:17)
	at org.junit.runners.ParentRunner.runLeaf(ParentRunner.java:271)
	at org.junit.runners.BlockJUnit4ClassRunner.runChild(BlockJUnit4ClassRunner.java:70)
	at org.junit.runners.BlockJUnit4ClassRunner.runChild(BlockJUnit4ClassRunner.java:50)
	at org.junit.runners.ParentRunner$3.run(ParentRunner.java:238)
	at org.junit.runners.ParentRunner$1.schedule(ParentRunner.java:63)
	at org.junit.runners.ParentRunner.runChildren(ParentRunner.java:236)
	at org.junit.runners.ParentRunner.access$000(ParentRunner.java:53)
	at org.junit.runners.ParentRunner$2.evaluate(ParentRunner.java:229)
	at org.junit.internal.runners.statements.RunBefores.evaluate(RunBefores.java:26)
	at org.junit.runners.ParentRunner.run(ParentRunner.java:309)
	at org.apache.maven.surefire.junit4.JUnit4TestSet.execute(JUnit4TestSet.java:62)
	at org.apache.maven.surefire.suite.AbstractDirectoryTestSuite.executeTestSet(AbstractDirectoryTestSuite.java:140)
	at org.apache.maven.surefire.suite.AbstractDirectoryTestSuite.execute(AbstractDirectoryTestSuite.java:127)
	at org.apache.maven.surefire.Surefire.run(Surefire.java:177)
	at sun.reflect.NativeMethodAccessorImpl.invoke0(Native Method)
	at sun.reflect.NativeMethodAccessorImpl.invoke(NativeMethodAccessorImpl.java:62)
	at sun.reflect.DelegatingMethodAccessorImpl.invoke(DelegatingMethodAccessorImpl.java:43)
	at java.lang.reflect.Method.invoke(Method.java:498)
	at org.apache.maven.surefire.booter.SurefireBooter.runSuitesInProcess(SurefireBooter.java:345)
	at org.apache.maven.surefire.booter.SurefireBooter.main(SurefireBooter.java:1009)
</error>
    <system-out>14:33:13.497 [main] INFO org.mongodb.driver.cluster - No server chosen by ReadPreferenceServerSelector{readPreference=primary} from cluster description ClusterDescription{type=UNKNOWN, connectionMode=SINGLE, all=[ServerDescription{address=ds147497.mlab.com:47497, type=UNKNOWN, state=CONNECTING}]}. Waiting for 30000 ms before timing out
14:33:14.533 [cluster-ClusterId{value=&apos;582b0e99802ecc0bb47a7973&apos;, description=&apos;null&apos;}-ds147497.mlab.com:47497] DEBUG org.mongodb.driver.connection - Closing connection connectionId{localValue:1}
14:33:14.536 [cluster-ClusterId{value=&apos;582b0e99802ecc0bb47a7973&apos;, description=&apos;null&apos;}-ds147497.mlab.com:47497] INFO org.mongodb.driver.cluster - Exception in monitor thread while connecting to server ds147497.mlab.com:47497
com.mongodb.MongoSocketOpenException: Exception opening socket
	at com.mongodb.connection.SocketStream.open(SocketStream.java:63)
	at com.mongodb.connection.InternalStreamConnection.open(InternalStreamConnection.java:114)
	at com.mongodb.connection.DefaultServerMonitor$ServerMonitorRunnable.run(DefaultServerMonitor.java:128)
	at java.lang.Thread.run(Thread.java:745)
Caused by: java.net.ConnectException: Connection refused: connect
	at java.net.DualStackPlainSocketImpl.waitForConnect(Native Method)
	at java.net.DualStackPlainSocketImpl.socketConnect(DualStackPlainSocketImpl.java:85)
	at java.net.AbstractPlainSocketImpl.doConnect(AbstractPlainSocketImpl.java:350)
	at java.net.AbstractPlainSocketImpl.connectToAddress(AbstractPlainSocketImpl.java:206)
	at java.net.AbstractPlainSocketImpl.connect(AbstractPlainSocketImpl.java:188)
	at java.net.PlainSocketImpl.connect(PlainSocketImpl.java:172)
	at java.net.SocksSocketImpl.connect(SocksSocketImpl.java:392)
	at java.net.Socket.connect(Socket.java:589)
	at com.mongodb.connection.SocketStreamHelper.initialize(SocketStreamHelper.java:50)
	at com.mongodb.connection.SocketStream.open(SocketStream.java:58)
	... 3 common frames omitted
14:33:14.537 [cluster-ClusterId{value=&apos;582b0e99802ecc0bb47a7973&apos;, description=&apos;null&apos;}-ds147497.mlab.com:47497] DEBUG org.mongodb.driver.cluster - Updating cluster description to  {type=UNKNOWN, servers=[{address=ds147497.mlab.com:47497, type=UNKNOWN, state=CONNECTING, exception={com.mongodb.MongoSocketOpenException: Exception opening socket}, caused by {java.net.ConnectException: Connection refused: connect}}]
14:33:16.073 [cluster-ClusterId{value=&apos;582b0e99802ecc0bb47a7973&apos;, description=&apos;null&apos;}-ds147497.mlab.com:47497] DEBUG org.mongodb.driver.connection - Closing connection connectionId{localValue:2}
14:33:17.593 [cluster-ClusterId{value=&apos;582b0e99802ecc0bb47a7973&apos;, description=&apos;null&apos;}-ds147497.mlab.com:47497] DEBUG org.mongodb.driver.connection - Closing connection connectionId{localValue:3}
14:33:19.112 [cluster-ClusterId{value=&apos;582b0e99802ecc0bb47a7973&apos;, description=&apos;null&apos;}-ds147497.mlab.com:47497] DEBUG org.mongodb.driver.connection - Closing connection connectionId{localValue:4}
14:33:20.635 [cluster-ClusterId{value=&apos;582b0e99802ecc0bb47a7973&apos;, description=&apos;null&apos;}-ds147497.mlab.com:47497] DEBUG org.mongodb.driver.connection - Closing connection connectionId{localValue:5}
14:33:22.153 [cluster-ClusterId{value=&apos;582b0e99802ecc0bb47a7973&apos;, description=&apos;null&apos;}-ds147497.mlab.com:47497] DEBUG org.mongodb.driver.connection - Closing connection connectionId{localValue:6}
14:33:23.670 [cluster-ClusterId{value=&apos;582b0e99802ecc0bb47a7973&apos;, description=&apos;null&apos;}-ds147497.mlab.com:47497] DEBUG org.mongodb.driver.connection - Closing connection connectionId{localValue:7}
14:33:25.188 [cluster-ClusterId{value=&apos;582b0e99802ecc0bb47a7973&apos;, description=&apos;null&apos;}-ds147497.mlab.com:47497] DEBUG org.mongodb.driver.connection - Closing connection connectionId{localValue:8}
14:33:26.709 [cluster-ClusterId{value=&apos;582b0e99802ecc0bb47a7973&apos;, description=&apos;null&apos;}-ds147497.mlab.com:47497] DEBUG org.mongodb.driver.connection - Closing connection connectionId{localValue:9}
14:33:28.228 [cluster-ClusterId{value=&apos;582b0e99802ecc0bb47a7973&apos;, description=&apos;null&apos;}-ds147497.mlab.com:47497] DEBUG org.mongodb.driver.connection - Closing connection connectionId{localValue:10}
14:33:29.745 [cluster-ClusterId{value=&apos;582b0e99802ecc0bb47a7973&apos;, description=&apos;null&apos;}-ds147497.mlab.com:47497] DEBUG org.mongodb.driver.connection - Closing connection connectionId{localValue:11}
14:33:31.262 [cluster-ClusterId{value=&apos;582b0e99802ecc0bb47a7973&apos;, description=&apos;null&apos;}-ds147497.mlab.com:47497] DEBUG org.mongodb.driver.connection - Closing connection connectionId{localValue:12}
14:33:32.778 [cluster-ClusterId{value=&apos;582b0e99802ecc0bb47a7973&apos;, description=&apos;null&apos;}-ds147497.mlab.com:47497] DEBUG org.mongodb.driver.connection - Closing connection connectionId{localValue:13}
14:33:34.293 [cluster-ClusterId{value=&apos;582b0e99802ecc0bb47a7973&apos;, description=&apos;null&apos;}-ds147497.mlab.com:47497] DEBUG org.mongodb.driver.connection - Closing connection connectionId{localValue:14}
14:33:35.811 [cluster-ClusterId{value=&apos;582b0e99802ecc0bb47a7973&apos;, description=&apos;null&apos;}-ds147497.mlab.com:47497] DEBUG org.mongodb.driver.connection - Closing connection connectionId{localValue:15}
14:33:37.340 [cluster-ClusterId{value=&apos;582b0e99802ecc0bb47a7973&apos;, description=&apos;null&apos;}-ds147497.mlab.com:47497] DEBUG org.mongodb.driver.connection - Closing connection connectionId{localValue:16}
14:33:38.859 [cluster-ClusterId{value=&apos;582b0e99802ecc0bb47a7973&apos;, description=&apos;null&apos;}-ds147497.mlab.com:47497] DEBUG org.mongodb.driver.connection - Closing connection connectionId{localValue:17}
14:33:40.378 [cluster-ClusterId{value=&apos;582b0e99802ecc0bb47a7973&apos;, description=&apos;null&apos;}-ds147497.mlab.com:47497] DEBUG org.mongodb.driver.connection - Closing connection connectionId{localValue:18}
14:33:41.894 [cluster-ClusterId{value=&apos;582b0e99802ecc0bb47a7973&apos;, description=&apos;null&apos;}-ds147497.mlab.com:47497] DEBUG org.mongodb.driver.connection - Closing connection connectionId{localValue:19}
14:33:43.412 [cluster-ClusterId{value=&apos;582b0e99802ecc0bb47a7973&apos;, description=&apos;null&apos;}-ds147497.mlab.com:47497] DEBUG org.mongodb.driver.connection - Closing connection connectionId{localValue:20}
</system-out>
  </testcase>
  <testcase classname="testpackage.DatabaseTest" name="test2DuplicateUsers" time="30.003">
    <error message="Timed out after 30000 ms while waiting for a server that matches ReadPreferenceServerSelector{readPreference=primary}. Client view of cluster state is {type=UNKNOWN, servers=[{address=ds147497.mlab.com:47497, type=UNKNOWN, state=CONNECTING, exception={com.mongodb.MongoSocketOpenException: Exception opening socket}, caused by {java.net.ConnectException: Connection refused: connect}}]" type="com.mongodb.MongoTimeoutException">com.mongodb.MongoTimeoutException: Timed out after 30000 ms while waiting for a server that matches ReadPreferenceServerSelector{readPreference=primary}. Client view of cluster state is {type=UNKNOWN, servers=[{address=ds147497.mlab.com:47497, type=UNKNOWN, state=CONNECTING, exception={com.mongodb.MongoSocketOpenException: Exception opening socket}, caused by {java.net.ConnectException: Connection refused: connect}}]
	at com.mongodb.connection.BaseCluster.createTimeoutException(BaseCluster.java:369)
	at com.mongodb.connection.BaseCluster.selectServer(BaseCluster.java:101)
	at com.mongodb.binding.ClusterBinding$ClusterBindingConnectionSource.&lt;init&gt;(ClusterBinding.java:75)
	at com.mongodb.binding.ClusterBinding$ClusterBindingConnectionSource.&lt;init&gt;(ClusterBinding.java:71)
	at com.mongodb.binding.ClusterBinding.getReadConnectionSource(ClusterBinding.java:63)
	at com.mongodb.operation.OperationHelper.withConnection(OperationHelper.java:210)
	at com.mongodb.operation.FindOperation.execute(FindOperation.java:482)
	at com.mongodb.operation.FindOperation.execute(FindOperation.java:79)
	at com.mongodb.Mongo.execute(Mongo.java:772)
	at com.mongodb.Mongo$2.execute(Mongo.java:759)
	at com.mongodb.OperationIterable.iterator(OperationIterable.java:47)
	at com.mongodb.OperationIterable.forEach(OperationIterable.java:70)
	at com.mongodb.OperationIterable.into(OperationIterable.java:82)
	at com.mongodb.FindIterableImpl.into(FindIterableImpl.java:163)
	at Entities.Data.getCollectionDocuments(Data.java:77)
	at testpackage.DatabaseTest.test2DuplicateUsers(DatabaseTest.java:39)
	at sun.reflect.NativeMethodAccessorImpl.invoke0(Native Method)
	at sun.reflect.NativeMethodAccessorImpl.invoke(NativeMethodAccessorImpl.java:62)
	at sun.reflect.DelegatingMethodAccessorImpl.invoke(DelegatingMethodAccessorImpl.java:43)
	at java.lang.reflect.Method.invoke(Method.java:498)
	at org.junit.runners.model.FrameworkMethod$1.runReflectiveCall(FrameworkMethod.java:47)
	at org.junit.internal.runners.model.ReflectiveCallable.run(ReflectiveCallable.java:12)
	at org.junit.runners.model.FrameworkMethod.invokeExplosively(FrameworkMethod.java:44)
	at org.junit.internal.runners.statements.InvokeMethod.evaluate(InvokeMethod.java:17)
	at org.junit.runners.ParentRunner.runLeaf(ParentRunner.java:271)
	at org.junit.runners.BlockJUnit4ClassRunner.runChild(BlockJUnit4ClassRunner.java:70)
	at org.junit.runners.BlockJUnit4ClassRunner.runChild(BlockJUnit4ClassRunner.java:50)
	at org.junit.runners.ParentRunner$3.run(ParentRunner.java:238)
	at org.junit.runners.ParentRunner$1.schedule(ParentRunner.java:63)
	at org.junit.runners.ParentRunner.runChildren(ParentRunner.java:236)
	at org.junit.runners.ParentRunner.access$000(ParentRunner.java:53)
	at org.junit.runners.ParentRunner$2.evaluate(ParentRunner.java:229)
	at org.junit.internal.runners.statements.RunBefores.evaluate(RunBefores.java:26)
	at org.junit.runners.ParentRunner.run(ParentRunner.java:309)
	at org.apache.maven.surefire.junit4.JUnit4TestSet.execute(JUnit4TestSet.java:62)
	at org.apache.maven.surefire.suite.AbstractDirectoryTestSuite.executeTestSet(AbstractDirectoryTestSuite.java:140)
	at org.apache.maven.surefire.suite.AbstractDirectoryTestSuite.execute(AbstractDirectoryTestSuite.java:127)
	at org.apache.maven.surefire.Surefire.run(Surefire.java:177)
	at sun.reflect.NativeMethodAccessorImpl.invoke0(Native Method)
	at sun.reflect.NativeMethodAccessorImpl.invoke(NativeMethodAccessorImpl.java:62)
	at sun.reflect.DelegatingMethodAccessorImpl.invoke(DelegatingMethodAccessorImpl.java:43)
	at java.lang.reflect.Method.invoke(Method.java:498)
	at org.apache.maven.surefire.booter.SurefireBooter.runSuitesInProcess(SurefireBooter.java:345)
	at org.apache.maven.surefire.booter.SurefireBooter.main(SurefireBooter.java:1009)
</error>
    <system-out>14:33:43.507 [main] INFO org.mongodb.driver.cluster - No server chosen by ReadPreferenceServerSelector{readPreference=primary} from cluster description ClusterDescription{type=UNKNOWN, connectionMode=SINGLE, all=[ServerDescription{address=ds147497.mlab.com:47497, type=UNKNOWN, state=CONNECTING, exception={com.mongodb.MongoSocketOpenException: Exception opening socket}, caused by {java.net.ConnectException: Connection refused: connect}}]}. Waiting for 30000 ms before timing out
14:33:44.931 [cluster-ClusterId{value=&apos;582b0e99802ecc0bb47a7973&apos;, description=&apos;null&apos;}-ds147497.mlab.com:47497] DEBUG org.mongodb.driver.connection - Closing connection connectionId{localValue:21}
14:33:46.452 [cluster-ClusterId{value=&apos;582b0e99802ecc0bb47a7973&apos;, description=&apos;null&apos;}-ds147497.mlab.com:47497] DEBUG org.mongodb.driver.connection - Closing connection connectionId{localValue:22}
14:33:47.970 [cluster-ClusterId{value=&apos;582b0e99802ecc0bb47a7973&apos;, description=&apos;null&apos;}-ds147497.mlab.com:47497] DEBUG org.mongodb.driver.connection - Closing connection connectionId{localValue:23}
14:33:49.496 [cluster-ClusterId{value=&apos;582b0e99802ecc0bb47a7973&apos;, description=&apos;null&apos;}-ds147497.mlab.com:47497] DEBUG org.mongodb.driver.connection - Closing connection connectionId{localValue:24}
14:33:51.015 [cluster-ClusterId{value=&apos;582b0e99802ecc0bb47a7973&apos;, description=&apos;null&apos;}-ds147497.mlab.com:47497] DEBUG org.mongodb.driver.connection - Closing connection connectionId{localValue:25}
14:33:52.543 [cluster-ClusterId{value=&apos;582b0e99802ecc0bb47a7973&apos;, description=&apos;null&apos;}-ds147497.mlab.com:47497] DEBUG org.mongodb.driver.connection - Closing connection connectionId{localValue:26}
14:33:54.072 [cluster-ClusterId{value=&apos;582b0e99802ecc0bb47a7973&apos;, description=&apos;null&apos;}-ds147497.mlab.com:47497] DEBUG org.mongodb.driver.connection - Closing connection connectionId{localValue:27}
14:33:55.598 [cluster-ClusterId{value=&apos;582b0e99802ecc0bb47a7973&apos;, description=&apos;null&apos;}-ds147497.mlab.com:47497] DEBUG org.mongodb.driver.connection - Closing connection connectionId{localValue:28}
14:33:57.117 [cluster-ClusterId{value=&apos;582b0e99802ecc0bb47a7973&apos;, description=&apos;null&apos;}-ds147497.mlab.com:47497] DEBUG org.mongodb.driver.connection - Closing connection connectionId{localValue:29}
14:33:58.637 [cluster-ClusterId{value=&apos;582b0e99802ecc0bb47a7973&apos;, description=&apos;null&apos;}-ds147497.mlab.com:47497] DEBUG org.mongodb.driver.connection - Closing connection connectionId{localValue:30}
14:34:00.153 [cluster-ClusterId{value=&apos;582b0e99802ecc0bb47a7973&apos;, description=&apos;null&apos;}-ds147497.mlab.com:47497] DEBUG org.mongodb.driver.connection - Closing connection connectionId{localValue:31}
14:34:01.667 [cluster-ClusterId{value=&apos;582b0e99802ecc0bb47a7973&apos;, description=&apos;null&apos;}-ds147497.mlab.com:47497] DEBUG org.mongodb.driver.connection - Closing connection connectionId{localValue:32}
14:34:03.268 [cluster-ClusterId{value=&apos;582b0e99802ecc0bb47a7973&apos;, description=&apos;null&apos;}-ds147497.mlab.com:47497] DEBUG org.mongodb.driver.connection - Closing connection connectionId{localValue:33}
14:34:04.796 [cluster-ClusterId{value=&apos;582b0e99802ecc0bb47a7973&apos;, description=&apos;null&apos;}-ds147497.mlab.com:47497] DEBUG org.mongodb.driver.connection - Closing connection connectionId{localValue:34}
14:34:06.324 [cluster-ClusterId{value=&apos;582b0e99802ecc0bb47a7973&apos;, description=&apos;null&apos;}-ds147497.mlab.com:47497] DEBUG org.mongodb.driver.connection - Closing connection connectionId{localValue:35}
14:34:07.843 [cluster-ClusterId{value=&apos;582b0e99802ecc0bb47a7973&apos;, description=&apos;null&apos;}-ds147497.mlab.com:47497] DEBUG org.mongodb.driver.connection - Closing connection connectionId{localValue:36}
14:34:09.368 [cluster-ClusterId{value=&apos;582b0e99802ecc0bb47a7973&apos;, description=&apos;null&apos;}-ds147497.mlab.com:47497] DEBUG org.mongodb.driver.connection - Closing connection connectionId{localValue:37}
14:34:10.892 [cluster-ClusterId{value=&apos;582b0e99802ecc0bb47a7973&apos;, description=&apos;null&apos;}-ds147497.mlab.com:47497] DEBUG org.mongodb.driver.connection - Closing connection connectionId{localValue:38}
14:34:12.421 [cluster-ClusterId{value=&apos;582b0e99802ecc0bb47a7973&apos;, description=&apos;null&apos;}-ds147497.mlab.com:47497] DEBUG org.mongodb.driver.connection - Closing connection connectionId{localValue:39}
</system-out>
  </testcase>
  <testcase classname="testpackage.DatabaseTest" name="test3UpdateUsers" time="30.004">
    <error message="Timed out after 30000 ms while waiting for a server that matches WritableServerSelector. Client view of cluster state is {type=UNKNOWN, servers=[{address=ds147497.mlab.com:47497, type=UNKNOWN, state=CONNECTING, exception={com.mongodb.MongoSocketOpenException: Exception opening socket}, caused by {java.net.ConnectException: Connection refused: connect}}]" type="com.mongodb.MongoTimeoutException">com.mongodb.MongoTimeoutException: Timed out after 30000 ms while waiting for a server that matches WritableServerSelector. Client view of cluster state is {type=UNKNOWN, servers=[{address=ds147497.mlab.com:47497, type=UNKNOWN, state=CONNECTING, exception={com.mongodb.MongoSocketOpenException: Exception opening socket}, caused by {java.net.ConnectException: Connection refused: connect}}]
	at com.mongodb.connection.BaseCluster.createTimeoutException(BaseCluster.java:369)
	at com.mongodb.connection.BaseCluster.selectServer(BaseCluster.java:101)
	at com.mongodb.binding.ClusterBinding$ClusterBindingConnectionSource.&lt;init&gt;(ClusterBinding.java:75)
	at com.mongodb.binding.ClusterBinding$ClusterBindingConnectionSource.&lt;init&gt;(ClusterBinding.java:71)
	at com.mongodb.binding.ClusterBinding.getWriteConnectionSource(ClusterBinding.java:68)
	at com.mongodb.operation.OperationHelper.withConnection(OperationHelper.java:219)
	at com.mongodb.operation.MixedBulkWriteOperation.execute(MixedBulkWriteOperation.java:168)
	at com.mongodb.operation.MixedBulkWriteOperation.execute(MixedBulkWriteOperation.java:74)
	at com.mongodb.Mongo.execute(Mongo.java:781)
	at com.mongodb.Mongo$2.execute(Mongo.java:764)
	at com.mongodb.MongoCollectionImpl.executeSingleWriteRequest(MongoCollectionImpl.java:515)
	at com.mongodb.MongoCollectionImpl.update(MongoCollectionImpl.java:508)
	at com.mongodb.MongoCollectionImpl.updateOne(MongoCollectionImpl.java:355)
	at com.mongodb.MongoCollectionImpl.updateOne(MongoCollectionImpl.java:350)
	at Entities.Data.updateUser(Data.java:93)
	at testpackage.DatabaseTest.test3UpdateUsers(DatabaseTest.java:49)
	at sun.reflect.NativeMethodAccessorImpl.invoke0(Native Method)
	at sun.reflect.NativeMethodAccessorImpl.invoke(NativeMethodAccessorImpl.java:62)
	at sun.reflect.DelegatingMethodAccessorImpl.invoke(DelegatingMethodAccessorImpl.java:43)
	at java.lang.reflect.Method.invoke(Method.java:498)
	at org.junit.runners.model.FrameworkMethod$1.runReflectiveCall(FrameworkMethod.java:47)
	at org.junit.internal.runners.model.ReflectiveCallable.run(ReflectiveCallable.java:12)
	at org.junit.runners.model.FrameworkMethod.invokeExplosively(FrameworkMethod.java:44)
	at org.junit.internal.runners.statements.InvokeMethod.evaluate(InvokeMethod.java:17)
	at org.junit.runners.ParentRunner.runLeaf(ParentRunner.java:271)
	at org.junit.runners.BlockJUnit4ClassRunner.runChild(BlockJUnit4ClassRunner.java:70)
	at org.junit.runners.BlockJUnit4ClassRunner.runChild(BlockJUnit4ClassRunner.java:50)
	at org.junit.runners.ParentRunner$3.run(ParentRunner.java:238)
	at org.junit.runners.ParentRunner$1.schedule(ParentRunner.java:63)
	at org.junit.runners.ParentRunner.runChildren(ParentRunner.java:236)
	at org.junit.runners.ParentRunner.access$000(ParentRunner.java:53)
	at org.junit.runners.ParentRunner$2.evaluate(ParentRunner.java:229)
	at org.junit.internal.runners.statements.RunBefores.evaluate(RunBefores.java:26)
	at org.junit.runners.ParentRunner.run(ParentRunner.java:309)
	at org.apache.maven.surefire.junit4.JUnit4TestSet.execute(JUnit4TestSet.java:62)
	at org.apache.maven.surefire.suite.AbstractDirectoryTestSuite.executeTestSet(AbstractDirectoryTestSuite.java:140)
	at org.apache.maven.surefire.suite.AbstractDirectoryTestSuite.execute(AbstractDirectoryTestSuite.java:127)
	at org.apache.maven.surefire.Surefire.run(Surefire.java:177)
	at sun.reflect.NativeMethodAccessorImpl.invoke0(Native Method)
	at sun.reflect.NativeMethodAccessorImpl.invoke(NativeMethodAccessorImpl.java:62)
	at sun.reflect.DelegatingMethodAccessorImpl.invoke(DelegatingMethodAccessorImpl.java:43)
	at java.lang.reflect.Method.invoke(Method.java:498)
	at org.apache.maven.surefire.booter.SurefireBooter.runSuitesInProcess(SurefireBooter.java:345)
	at org.apache.maven.surefire.booter.SurefireBooter.main(SurefireBooter.java:1009)
</error>
    <system-out>14:34:13.514 [main] INFO org.mongodb.driver.cluster - No server chosen by WritableServerSelector from cluster description ClusterDescription{type=UNKNOWN, connectionMode=SINGLE, all=[ServerDescription{address=ds147497.mlab.com:47497, type=UNKNOWN, state=CONNECTING, exception={com.mongodb.MongoSocketOpenException: Exception opening socket}, caused by {java.net.ConnectException: Connection refused: connect}}]}. Waiting for 30000 ms before timing out
14:34:13.950 [cluster-ClusterId{value=&apos;582b0e99802ecc0bb47a7973&apos;, description=&apos;null&apos;}-ds147497.mlab.com:47497] DEBUG org.mongodb.driver.connection - Closing connection connectionId{localValue:40}
14:34:15.477 [cluster-ClusterId{value=&apos;582b0e99802ecc0bb47a7973&apos;, description=&apos;null&apos;}-ds147497.mlab.com:47497] DEBUG org.mongodb.driver.connection - Closing connection connectionId{localValue:41}
14:34:17.005 [cluster-ClusterId{value=&apos;582b0e99802ecc0bb47a7973&apos;, description=&apos;null&apos;}-ds147497.mlab.com:47497] DEBUG org.mongodb.driver.connection - Closing connection connectionId{localValue:42}
14:34:18.531 [cluster-ClusterId{value=&apos;582b0e99802ecc0bb47a7973&apos;, description=&apos;null&apos;}-ds147497.mlab.com:47497] DEBUG org.mongodb.driver.connection - Closing connection connectionId{localValue:43}
14:34:20.049 [cluster-ClusterId{value=&apos;582b0e99802ecc0bb47a7973&apos;, description=&apos;null&apos;}-ds147497.mlab.com:47497] DEBUG org.mongodb.driver.connection - Closing connection connectionId{localValue:44}
14:34:21.567 [cluster-ClusterId{value=&apos;582b0e99802ecc0bb47a7973&apos;, description=&apos;null&apos;}-ds147497.mlab.com:47497] DEBUG org.mongodb.driver.connection - Closing connection connectionId{localValue:45}
14:34:23.097 [cluster-ClusterId{value=&apos;582b0e99802ecc0bb47a7973&apos;, description=&apos;null&apos;}-ds147497.mlab.com:47497] DEBUG org.mongodb.driver.connection - Closing connection connectionId{localValue:46}
14:34:24.615 [cluster-ClusterId{value=&apos;582b0e99802ecc0bb47a7973&apos;, description=&apos;null&apos;}-ds147497.mlab.com:47497] DEBUG org.mongodb.driver.connection - Closing connection connectionId{localValue:47}
14:34:26.137 [cluster-ClusterId{value=&apos;582b0e99802ecc0bb47a7973&apos;, description=&apos;null&apos;}-ds147497.mlab.com:47497] DEBUG org.mongodb.driver.connection - Closing connection connectionId{localValue:48}
14:34:27.654 [cluster-ClusterId{value=&apos;582b0e99802ecc0bb47a7973&apos;, description=&apos;null&apos;}-ds147497.mlab.com:47497] DEBUG org.mongodb.driver.connection - Closing connection connectionId{localValue:49}
14:34:29.178 [cluster-ClusterId{value=&apos;582b0e99802ecc0bb47a7973&apos;, description=&apos;null&apos;}-ds147497.mlab.com:47497] DEBUG org.mongodb.driver.connection - Closing connection connectionId{localValue:50}
14:34:30.696 [cluster-ClusterId{value=&apos;582b0e99802ecc0bb47a7973&apos;, description=&apos;null&apos;}-ds147497.mlab.com:47497] DEBUG org.mongodb.driver.connection - Closing connection connectionId{localValue:51}
14:34:32.212 [cluster-ClusterId{value=&apos;582b0e99802ecc0bb47a7973&apos;, description=&apos;null&apos;}-ds147497.mlab.com:47497] DEBUG org.mongodb.driver.connection - Closing connection connectionId{localValue:52}
14:34:33.745 [cluster-ClusterId{value=&apos;582b0e99802ecc0bb47a7973&apos;, description=&apos;null&apos;}-ds147497.mlab.com:47497] DEBUG org.mongodb.driver.connection - Closing connection connectionId{localValue:53}
14:34:35.266 [cluster-ClusterId{value=&apos;582b0e99802ecc0bb47a7973&apos;, description=&apos;null&apos;}-ds147497.mlab.com:47497] DEBUG org.mongodb.driver.connection - Closing connection connectionId{localValue:54}
14:34:36.780 [cluster-ClusterId{value=&apos;582b0e99802ecc0bb47a7973&apos;, description=&apos;null&apos;}-ds147497.mlab.com:47497] DEBUG org.mongodb.driver.connection - Closing connection connectionId{localValue:55}
14:34:38.295 [cluster-ClusterId{value=&apos;582b0e99802ecc0bb47a7973&apos;, description=&apos;null&apos;}-ds147497.mlab.com:47497] DEBUG org.mongodb.driver.connection - Closing connection connectionId{localValue:56}
14:34:39.820 [cluster-ClusterId{value=&apos;582b0e99802ecc0bb47a7973&apos;, description=&apos;null&apos;}-ds147497.mlab.com:47497] DEBUG org.mongodb.driver.connection - Closing connection connectionId{localValue:57}
14:34:41.344 [cluster-ClusterId{value=&apos;582b0e99802ecc0bb47a7973&apos;, description=&apos;null&apos;}-ds147497.mlab.com:47497] DEBUG org.mongodb.driver.connection - Closing connection connectionId{localValue:58}
14:34:42.877 [cluster-ClusterId{value=&apos;582b0e99802ecc0bb47a7973&apos;, description=&apos;null&apos;}-ds147497.mlab.com:47497] DEBUG org.mongodb.driver.connection - Closing connection connectionId{localValue:59}
</system-out>
  </testcase>
  <testcase classname="testpackage.DatabaseTest" name="test4DeleteUsers" time="30.001">
    <error message="Unexpected exception, expected&lt;java.lang.NullPointerException&gt; but was&lt;com.mongodb.MongoTimeoutException&gt;" type="java.lang.Exception">java.lang.Exception: Unexpected exception, expected&lt;java.lang.NullPointerException&gt; but was&lt;com.mongodb.MongoTimeoutException&gt;
	at org.junit.internal.runners.statements.ExpectException.evaluate(ExpectException.java:28)
	at org.junit.runners.ParentRunner.runLeaf(ParentRunner.java:271)
	at org.junit.runners.BlockJUnit4ClassRunner.runChild(BlockJUnit4ClassRunner.java:70)
	at org.junit.runners.BlockJUnit4ClassRunner.runChild(BlockJUnit4ClassRunner.java:50)
	at org.junit.runners.ParentRunner$3.run(ParentRunner.java:238)
	at org.junit.runners.ParentRunner$1.schedule(ParentRunner.java:63)
	at org.junit.runners.ParentRunner.runChildren(ParentRunner.java:236)
	at org.junit.runners.ParentRunner.access$000(ParentRunner.java:53)
	at org.junit.runners.ParentRunner$2.evaluate(ParentRunner.java:229)
	at org.junit.internal.runners.statements.RunBefores.evaluate(RunBefores.java:26)
	at org.junit.runners.ParentRunner.run(ParentRunner.java:309)
	at org.apache.maven.surefire.junit4.JUnit4TestSet.execute(JUnit4TestSet.java:62)
	at org.apache.maven.surefire.suite.AbstractDirectoryTestSuite.executeTestSet(AbstractDirectoryTestSuite.java:140)
	at org.apache.maven.surefire.suite.AbstractDirectoryTestSuite.execute(AbstractDirectoryTestSuite.java:127)
	at org.apache.maven.surefire.Surefire.run(Surefire.java:177)
	at sun.reflect.NativeMethodAccessorImpl.invoke0(Native Method)
	at sun.reflect.NativeMethodAccessorImpl.invoke(NativeMethodAccessorImpl.java:62)
	at sun.reflect.DelegatingMethodAccessorImpl.invoke(DelegatingMethodAccessorImpl.java:43)
	at java.lang.reflect.Method.invoke(Method.java:498)
	at org.apache.maven.surefire.booter.SurefireBooter.runSuitesInProcess(SurefireBooter.java:345)
	at org.apache.maven.surefire.booter.SurefireBooter.main(SurefireBooter.java:1009)
Caused by: com.mongodb.MongoTimeoutException: Timed out after 30000 ms while waiting for a server that matches WritableServerSelector. Client view of cluster state is {type=UNKNOWN, servers=[{address=ds147497.mlab.com:47497, type=UNKNOWN, state=CONNECTING, exception={com.mongodb.MongoSocketOpenException: Exception opening socket}, caused by {java.net.ConnectException: Connection refused: connect}}]
	at com.mongodb.connection.BaseCluster.createTimeoutException(BaseCluster.java:369)
	at com.mongodb.connection.BaseCluster.selectServer(BaseCluster.java:101)
	at com.mongodb.binding.ClusterBinding$ClusterBindingConnectionSource.&lt;init&gt;(ClusterBinding.java:75)
	at com.mongodb.binding.ClusterBinding$ClusterBindingConnectionSource.&lt;init&gt;(ClusterBinding.java:71)
	at com.mongodb.binding.ClusterBinding.getWriteConnectionSource(ClusterBinding.java:68)
	at com.mongodb.operation.OperationHelper.withConnection(OperationHelper.java:219)
	at com.mongodb.operation.MixedBulkWriteOperation.execute(MixedBulkWriteOperation.java:168)
	at com.mongodb.operation.MixedBulkWriteOperation.execute(MixedBulkWriteOperation.java:74)
	at com.mongodb.Mongo.execute(Mongo.java:781)
	at com.mongodb.Mongo$2.execute(Mongo.java:764)
	at com.mongodb.MongoCollectionImpl.executeSingleWriteRequest(MongoCollectionImpl.java:515)
	at com.mongodb.MongoCollectionImpl.delete(MongoCollectionImpl.java:499)
	at com.mongodb.MongoCollectionImpl.deleteOne(MongoCollectionImpl.java:329)
	at Entities.Data.deleteUser(Data.java:99)
	at testpackage.DatabaseTest.test4DeleteUsers(DatabaseTest.java:58)
	at sun.reflect.NativeMethodAccessorImpl.invoke0(Native Method)
	at sun.reflect.NativeMethodAccessorImpl.invoke(NativeMethodAccessorImpl.java:62)
	at sun.reflect.DelegatingMethodAccessorImpl.invoke(DelegatingMethodAccessorImpl.java:43)
	at java.lang.reflect.Method.invoke(Method.java:498)
	at org.junit.runners.model.FrameworkMethod$1.runReflectiveCall(FrameworkMethod.java:47)
	at org.junit.internal.runners.model.ReflectiveCallable.run(ReflectiveCallable.java:12)
	at org.junit.runners.model.FrameworkMethod.invokeExplosively(FrameworkMethod.java:44)
	at org.junit.internal.runners.statements.InvokeMethod.evaluate(InvokeMethod.java:17)
	at org.junit.internal.runners.statements.ExpectException.evaluate(ExpectException.java:19)
	... 20 more
</error>
    <system-out>14:34:43.516 [main] INFO org.mongodb.driver.cluster - No server chosen by WritableServerSelector from cluster description ClusterDescription{type=UNKNOWN, connectionMode=SINGLE, all=[ServerDescription{address=ds147497.mlab.com:47497, type=UNKNOWN, state=CONNECTING, exception={com.mongodb.MongoSocketOpenException: Exception opening socket}, caused by {java.net.ConnectException: Connection refused: connect}}]}. Waiting for 30000 ms before timing out
14:34:44.404 [cluster-ClusterId{value=&apos;582b0e99802ecc0bb47a7973&apos;, description=&apos;null&apos;}-ds147497.mlab.com:47497] DEBUG org.mongodb.driver.connection - Closing connection connectionId{localValue:60}
14:34:45.948 [cluster-ClusterId{value=&apos;582b0e99802ecc0bb47a7973&apos;, description=&apos;null&apos;}-ds147497.mlab.com:47497] DEBUG org.mongodb.driver.connection - Closing connection connectionId{localValue:61}
14:34:47.467 [cluster-ClusterId{value=&apos;582b0e99802ecc0bb47a7973&apos;, description=&apos;null&apos;}-ds147497.mlab.com:47497] DEBUG org.mongodb.driver.connection - Closing connection connectionId{localValue:62}
14:34:48.986 [cluster-ClusterId{value=&apos;582b0e99802ecc0bb47a7973&apos;, description=&apos;null&apos;}-ds147497.mlab.com:47497] DEBUG org.mongodb.driver.connection - Closing connection connectionId{localValue:63}
14:34:50.507 [cluster-ClusterId{value=&apos;582b0e99802ecc0bb47a7973&apos;, description=&apos;null&apos;}-ds147497.mlab.com:47497] DEBUG org.mongodb.driver.connection - Closing connection connectionId{localValue:64}
14:34:52.024 [cluster-ClusterId{value=&apos;582b0e99802ecc0bb47a7973&apos;, description=&apos;null&apos;}-ds147497.mlab.com:47497] DEBUG org.mongodb.driver.connection - Closing connection connectionId{localValue:65}
14:34:53.540 [cluster-ClusterId{value=&apos;582b0e99802ecc0bb47a7973&apos;, description=&apos;null&apos;}-ds147497.mlab.com:47497] DEBUG org.mongodb.driver.connection - Closing connection connectionId{localValue:66}
14:34:55.057 [cluster-ClusterId{value=&apos;582b0e99802ecc0bb47a7973&apos;, description=&apos;null&apos;}-ds147497.mlab.com:47497] DEBUG org.mongodb.driver.connection - Closing connection connectionId{localValue:67}
14:34:56.575 [cluster-ClusterId{value=&apos;582b0e99802ecc0bb47a7973&apos;, description=&apos;null&apos;}-ds147497.mlab.com:47497] DEBUG org.mongodb.driver.connection - Closing connection connectionId{localValue:68}
14:34:58.095 [cluster-ClusterId{value=&apos;582b0e99802ecc0bb47a7973&apos;, description=&apos;null&apos;}-ds147497.mlab.com:47497] DEBUG org.mongodb.driver.connection - Closing connection connectionId{localValue:69}
14:34:59.624 [cluster-ClusterId{value=&apos;582b0e99802ecc0bb47a7973&apos;, description=&apos;null&apos;}-ds147497.mlab.com:47497] DEBUG org.mongodb.driver.connection - Closing connection connectionId{localValue:70}
14:35:01.141 [cluster-ClusterId{value=&apos;582b0e99802ecc0bb47a7973&apos;, description=&apos;null&apos;}-ds147497.mlab.com:47497] DEBUG org.mongodb.driver.connection - Closing connection connectionId{localValue:71}
14:35:02.670 [cluster-ClusterId{value=&apos;582b0e99802ecc0bb47a7973&apos;, description=&apos;null&apos;}-ds147497.mlab.com:47497] DEBUG org.mongodb.driver.connection - Closing connection connectionId{localValue:72}
14:35:04.181 [cluster-ClusterId{value=&apos;582b0e99802ecc0bb47a7973&apos;, description=&apos;null&apos;}-ds147497.mlab.com:47497] DEBUG org.mongodb.driver.connection - Closing connection connectionId{localValue:73}
14:35:05.700 [cluster-ClusterId{value=&apos;582b0e99802ecc0bb47a7973&apos;, description=&apos;null&apos;}-ds147497.mlab.com:47497] DEBUG org.mongodb.driver.connection - Closing connection connectionId{localValue:74}
14:35:07.229 [cluster-ClusterId{value=&apos;582b0e99802ecc0bb47a7973&apos;, description=&apos;null&apos;}-ds147497.mlab.com:47497] DEBUG org.mongodb.driver.connection - Closing connection connectionId{localValue:75}
14:35:08.755 [cluster-ClusterId{value=&apos;582b0e99802ecc0bb47a7973&apos;, description=&apos;null&apos;}-ds147497.mlab.com:47497] DEBUG org.mongodb.driver.connection - Closing connection connectionId{localValue:76}
14:35:10.269 [cluster-ClusterId{value=&apos;582b0e99802ecc0bb47a7973&apos;, description=&apos;null&apos;}-ds147497.mlab.com:47497] DEBUG org.mongodb.driver.connection - Closing connection connectionId{localValue:77}
14:35:11.888 [cluster-ClusterId{value=&apos;582b0e99802ecc0bb47a7973&apos;, description=&apos;null&apos;}-ds147497.mlab.com:47497] DEBUG org.mongodb.driver.connection - Closing connection connectionId{localValue:78}
14:35:13.439 [cluster-ClusterId{value=&apos;582b0e99802ecc0bb47a7973&apos;, description=&apos;null&apos;}-ds147497.mlab.com:47497] DEBUG org.mongodb.driver.connection - Closing connection connectionId{localValue:79}
</system-out>
  </testcase>
</testsuite>